#
# A fatal error has been detected by the Java Runtime Environment:
#
#  EXCEPTION_ACCESS_VIOLATION (0xc0000005) at pc=0x0000000071a3e606, pid=4172, tid=3080
#
# JRE version: 6.0_17-b04
# Java VM: Java HotSpot(TM) 64-Bit Server VM (14.3-b01 mixed mode windows-amd64 )
# Problematic frame:
# C  [m_dispatcher.dll+0x2e606]
#
# If you would like to submit a bug report, please visit:
#   http://java.sun.com/webapps/bugreport/crash.jsp
# The crash happened outside the Java Virtual Machine in native code.
# See problematic frame for where to report the bug.
#

---------------  T H R E A D  ---------------

Current thread (0x00000000053db800):  JavaThread "main" [_thread_in_native, id=3080, stack(0x0000000000190000,0x0000000004190000)]

siginfo: ExceptionCode=0xc0000005, reading address 0xffffffffffffffff

Registers:
EAX=0x0000000000000000, EBX=0x0000000000000000, ECX=0xffffffffffffffff, EDX=0x0000000000000000
ESP=0x0000000004187e80, EBP=0x0000000004188be8, ESI=0x022cf7131a67028a, EDI=0x000000000cc64980
EIP=0x0000000071a3e606, EFLAGS=0x0000000000010286

Top of Stack: (sp=0x0000000004187e80)
0x0000000004187e80:   0000000000000000 0000000000000000
0x0000000004187e90:   0000000003ca9000 0000000077179d8d
0x0000000004187ea0:   0000000004189ed0 0000000000000000
0x0000000004187eb0:   0000000000000000 0000000000000000
0x0000000004187ec0:   0000000004188680 0000000000000000
0x0000000004187ed0:   fffffffffffffffe 0000000000000000
0x0000000004187ee0:   0000000000000000 0000000000000010
0x0000000004187ef0:   00000000053a0298 00000000771a3488
0x0000000004187f00:   0000000000000001 0000000000000010
0x0000000004187f10:   00729abe00000002 0000000079d62210
0x0000000004187f20:   0000000004188050 0000000079cf0000
0x0000000004187f30:   0000000000000000 0000000000000000
0x0000000004187f40:   0000000000000000 0000000004190000
0x0000000004187f50:   0000000079db396c 0000000003ca9000
0x0000000004187f60:   0000000079d57f7f 0000000079cf0000
0x0000000004187f70:   0000000079ded104 0000000000000000 

Instructions: (pc=0x0000000071a3e606)
0x0000000071a3e5f6:   ff cc cc cc cc cc cc cc cc cc 33 c0 48 83 c9 ff
0x0000000071a3e606:   4b 8b 3c ee f2 ae 48 f7 d1 48 ff c9 48 89 4c 24 


Stack: [0x0000000000190000,0x0000000004190000],  sp=0x0000000004187e80,  free space=65503k
Native frames: (J=compiled Java code, j=interpreted, Vv=VM code, C=native code)
C  [m_dispatcher.dll+0x2e606]

Java frames: (J=compiled Java code, j=interpreted, Vv=VM code)
j  com.mathworks.jmi.NativeMatlab.SendMatlabMessage(Ljava/lang/Object;)Ljava/lang/Object;+0
j  com.mathworks.jmi.NativeMatlab.sendMatlabMessage(Ljava/lang/Object;)Ljava/lang/Object;+22
j  com.mathworks.jmi.MatlabLooper.sendMatlabMessage(Lcom/mathworks/services/message/MWMessage;)Ljava/lang/Object;+20
j  com.mathworks.jmi.Matlab.mtFevalConsoleOutput(Ljava/lang/String;[Ljava/lang/Object;I)Ljava/lang/Object;+58
j  com.mathworks.jmi.MatlabWorker.feval(Ljava/lang/String;[Ljava/lang/Object;IZ)Ljava/lang/Object;+7
j  com.mathworks.jmi.MatlabWorker.feval(Ljava/lang/String;[Ljava/lang/Object;I)Ljava/lang/Object;+4
j  com.mathworks.toolbox.matlab.guide.utils.LayoutWorker.runOnMatlabThread()Ljava/lang/Object;+12
j  com.mathworks.jmi.MatlabWorker$2.run()V+10
J  com.mathworks.jmi.NativeMatlab.dispatchMTRequests(Z)V
v  ~StubRoutines::call_stub

---------------  P R O C E S S  ---------------

Java Threads: ( => current thread )
  0x000000000d964800 JavaThread "Explorer NavigationContext request queue" [_thread_blocked, id=2576, stack(0x0000000025f00000,0x0000000025f80000)]
  0x000000000fa83000 JavaThread "Timer queue for AWT thread" daemon [_thread_blocked, id=4144, stack(0x0000000025c90000,0x0000000025d10000)]
  0x000000000d962000 JavaThread "pool-8-thread-1" [_thread_blocked, id=1132, stack(0x0000000025fe0000,0x0000000026060000)]
  0x000000000fa84800 JavaThread "Prefs Updater" daemon [_thread_blocked, id=4860, stack(0x0000000025430000,0x00000000254b0000)]
  0x000000000fa7f000 JavaThread "AddressBar directory emptiness poller" [_thread_blocked, id=112, stack(0x0000000025770000,0x00000000257f0000)]
  0x000000000fa7e000 JavaThread "Code Analyzer updating thread" [_thread_blocked, id=3144, stack(0x000000006acb0000,0x000000006ad30000)]
  0x000000000f518800 JavaThread "Code Analyzer updating thread" [_thread_blocked, id=4796, stack(0x000000006aa60000,0x000000006aae0000)]
  0x000000000f517800 JavaThread "Code Analyzer updating thread" [_thread_blocked, id=4416, stack(0x0000000007f50000,0x0000000007fd0000)]
  0x000000000f517000 JavaThread "Code Analyzer updating thread" [_thread_blocked, id=1120, stack(0x000000006a710000,0x000000006a790000)]
  0x000000000f516800 JavaThread "Code Analyzer updating thread" [_thread_blocked, id=4180, stack(0x000000006a840000,0x000000006a8c0000)]
  0x000000000f515800 JavaThread "Code Analyzer updating thread" [_thread_blocked, id=3600, stack(0x000000006a8d0000,0x000000006a950000)]
  0x000000000f515000 JavaThread "Code Analyzer updating thread" [_thread_blocked, id=4760, stack(0x00000000080e0000,0x0000000008160000)]
  0x000000000f514000 JavaThread "Code Analyzer updating thread" [_thread_blocked, id=1948, stack(0x000000006a970000,0x000000006a9f0000)]
  0x000000000f513800 JavaThread "Code Analyzer updating thread" [_thread_blocked, id=3308, stack(0x000000006a7a0000,0x000000006a820000)]
  0x000000000f512800 JavaThread "Code Analyzer updating thread" [_thread_blocked, id=4008, stack(0x000000006a590000,0x000000006a610000)]
  0x000000000f512000 JavaThread "Code Analyzer updating thread" [_thread_blocked, id=3580, stack(0x00000000447c0000,0x0000000044840000)]
  0x000000000f511000 JavaThread "Code Analyzer updating thread" [_thread_blocked, id=3088, stack(0x000000006a680000,0x000000006a700000)]
  0x0000000067ba0000 JavaThread "Code Analyzer updating thread" [_thread_blocked, id=3116, stack(0x0000000068eb0000,0x0000000068f30000)]
  0x0000000067b9f000 JavaThread "Code Analyzer updating thread" [_thread_blocked, id=2476, stack(0x0000000068c60000,0x0000000068ce0000)]
  0x0000000067b9e800 JavaThread "Code Analyzer updating thread" [_thread_blocked, id=2412, stack(0x000000006a4e0000,0x000000006a560000)]
  0x0000000067b9d800 JavaThread "Code Analyzer updating thread" [_thread_blocked, id=2120, stack(0x000000006a330000,0x000000006a3b0000)]
  0x0000000067b9d000 JavaThread "Code Analyzer updating thread" [_thread_blocked, id=4636, stack(0x000000006a3d0000,0x000000006a450000)]
  0x0000000067b9c000 JavaThread "Code Analyzer updating thread" [_thread_blocked, id=4220, stack(0x00000000685e0000,0x0000000068660000)]
  0x0000000067b9b800 JavaThread "Code Analyzer updating thread" [_thread_blocked, id=5112, stack(0x000000006a2a0000,0x000000006a320000)]
  0x000000000d961000 JavaThread "Code Analyzer updating thread" [_thread_blocked, id=4828, stack(0x0000000068b50000,0x0000000068bd0000)]
  0x000000000d95b800 JavaThread "Code Analyzer updating thread" [_thread_blocked, id=800, stack(0x000000006a220000,0x000000006a2a0000)]
  0x000000000d95a800 JavaThread "Code Analyzer updating thread" [_thread_blocked, id=4308, stack(0x000000001d1b0000,0x000000001d230000)]
  0x000000000d960000 JavaThread "Code Analyzer updating thread" [_thread_blocked, id=200, stack(0x0000000044740000,0x00000000447c0000)]
  0x0000000067b9b000 JavaThread "Code Analyzer updating thread" [_thread_blocked, id=1232, stack(0x000000006a1a0000,0x000000006a220000)]
  0x0000000067b9a000 JavaThread "Code Analyzer updating thread" [_thread_blocked, id=4528, stack(0x0000000068f40000,0x0000000068fc0000)]
  0x0000000067b99800 JavaThread "Code Analyzer updating thread" [_thread_blocked, id=4028, stack(0x000000006a0b0000,0x000000006a130000)]
  0x0000000067b98800 JavaThread "Code Analyzer updating thread" [_thread_blocked, id=2112, stack(0x000000006a030000,0x000000006a0b0000)]
  0x000000000f3ce800 JavaThread "Code Analyzer updating thread" [_thread_blocked, id=1360, stack(0x0000000069fa0000,0x000000006a020000)]
  0x000000000f3ce000 JavaThread "Code Analyzer updating thread" [_thread_blocked, id=4244, stack(0x0000000068dc0000,0x0000000068e40000)]
  0x000000000f3cd000 JavaThread "Code Analyzer updating thread" [_thread_blocked, id=3148, stack(0x0000000068d00000,0x0000000068d80000)]
  0x000000000f3cc000 JavaThread "Code Analyzer updating thread" [_thread_blocked, id=4064, stack(0x000000000ddb0000,0x000000000de30000)]
  0x000000000f3c3000 JavaThread "Code Analyzer updating thread" [_thread_blocked, id=4000, stack(0x0000000068bd0000,0x0000000068c50000)]
  0x000000000f3c2800 JavaThread "Code Analyzer updating thread" [_thread_blocked, id=1868, stack(0x0000000068ab0000,0x0000000068b30000)]
  0x000000000f3c1800 JavaThread "Code Analyzer updating thread" [_thread_blocked, id=4312, stack(0x0000000068a00000,0x0000000068a80000)]
  0x000000000f3c1000 JavaThread "Code Analyzer updating thread" [_thread_blocked, id=2160, stack(0x0000000068790000,0x0000000068810000)]
  0x000000000f3c0000 JavaThread "Code Analyzer updating thread" [_thread_blocked, id=796, stack(0x0000000068880000,0x0000000068900000)]
  0x000000000f3bf800 JavaThread "Code Analyzer updating thread" [_thread_blocked, id=3496, stack(0x0000000068710000,0x0000000068790000)]
  0x000000000f3be800 JavaThread "Code Analyzer updating thread" [_thread_blocked, id=3808, stack(0x0000000068520000,0x00000000685a0000)]
  0x000000000f3be000 JavaThread "Active Reference Queue Daemon" daemon [_thread_blocked, id=4992, stack(0x0000000068660000,0x00000000686e0000)]
  0x000000000f3bd000 JavaThread "Timer-9" daemon [_thread_blocked, id=3484, stack(0x0000000068440000,0x00000000684c0000)]
  0x000000000f3bc800 JavaThread "Timer queue for AWT thread" daemon [_thread_blocked, id=2292, stack(0x00000000617f0000,0x0000000061870000)]
  0x000000000f3bc000 JavaThread "Timer-8" daemon [_thread_blocked, id=3844, stack(0x0000000068950000,0x00000000689d0000)]
  0x000000000d963000 JavaThread "AddressBar directory emptiness poller" [_thread_blocked, id=4808, stack(0x000000005cf20000,0x000000005cfa0000)]
  0x000000000d961800 JavaThread "Timer-1" [_thread_blocked, id=1424, stack(0x0000000048860000,0x00000000488e0000)]
  0x000000000d95d000 JavaThread "TimerQueue" daemon [_thread_blocked, id=3176, stack(0x0000000054cc0000,0x0000000054d40000)]
  0x000000000d95f800 JavaThread "FelixPackageAdmin" daemon [_thread_blocked, id=4852, stack(0x0000000050bd0000,0x0000000050c50000)]
  0x000000000d95e800 JavaThread "FelixStartLevel" daemon [_thread_blocked, id=1784, stack(0x000000004cb20000,0x000000004cba0000)]
  0x000000000d95e000 JavaThread "FelixDispatchQueue" daemon [_thread_blocked, id=1968, stack(0x000000000fe30000,0x000000000feb0000)]
  0x000000000d95c800 JavaThread "AWT-EventQueue-0" [_thread_blocked, id=2140, stack(0x000000000dca0000,0x000000000dd20000)]
  0x000000000d95b000 JavaThread "com.google.common.base.internal.Finalizer" daemon [_thread_blocked, id=2364, stack(0x0000000015020000,0x00000000150a0000)]
  0x000000000d959800 JavaThread "AWT-Windows" daemon [_thread_blocked, id=3132, stack(0x0000000014f70000,0x0000000014ff0000)]
  0x000000000d959000 JavaThread "AWT-Shutdown" [_thread_blocked, id=2976, stack(0x000000000ff70000,0x000000000fff0000)]
  0x000000000d958000 JavaThread "Java2D Disposer" daemon [_thread_blocked, id=4792, stack(0x000000000fef0000,0x000000000ff70000)]
  0x000000000d957800 JavaThread "Timer-0" [_thread_blocked, id=3852, stack(0x000000000fd90000,0x000000000fe10000)]
  0x000000000d956800 JavaThread "EventMgr Dispatcher" daemon [_thread_in_native, id=3792, stack(0x0000000010f70000,0x0000000014f70000)]
  0x000000000d956000 JavaThread "Low Memory Detector" daemon [_thread_blocked, id=4964, stack(0x000000000de40000,0x000000000dec0000)]
  0x000000000d96b800 JavaThread "CompilerThread1" daemon [_thread_blocked, id=3820, stack(0x0000000050c50000,0x0000000054c50000)]
  0x000000000d965800 JavaThread "CompilerThread0" daemon [_thread_blocked, id=3100, stack(0x000000004cbc0000,0x0000000050bc0000)]
  0x000000000d955000 JavaThread "Attach Listener" daemon [_thread_blocked, id=2916, stack(0x000000000dd30000,0x000000000ddb0000)]
  0x000000000d8fc800 JavaThread "Finalizer" daemon [_thread_blocked, id=1936, stack(0x000000000db00000,0x000000000db80000)]
  0x000000000d8f4800 JavaThread "Reference Handler" daemon [_thread_blocked, id=4228, stack(0x000000000dc20000,0x000000000dca0000)]
=>0x00000000053db800 JavaThread "main" [_thread_in_native, id=3080, stack(0x0000000000190000,0x0000000004190000)]

Other Threads:
  0x000000000d8f0800 VMThread [stack: 0x0000000048a20000,0x000000004ca20000] [id=2644]
  0x000000000d9f3000 WatcherThread [stack: 0x0000000054e10000,0x0000000058e10000] [id=4668]

VM state:at safepoint (normal execution)

VM Mutex/Monitor currently owned by a thread:  ([mutex/lock_event])
[0x00000000054cde80] Threads_lock - owner thread: 0x000000000d8f0800
[0x00000000054ce380] Heap_lock - owner thread: 0x000000000d964800

Heap
 PSYoungGen      total 39744K, used 30208K [0x000000003d5f0000, 0x0000000040690000, 0x00000000406f0000)
  eden space 30208K, 100% used [0x000000003d5f0000,0x000000003f370000,0x000000003f370000)
  from space 9536K, 0% used [0x000000003f370000,0x000000003f370000,0x000000003fcc0000)
  to   space 9472K, 0% used [0x000000003fd50000,0x000000003fd50000,0x0000000040690000)
 PSOldGen        total 150528K, used 150527K [0x00000000342f0000, 0x000000003d5f0000, 0x000000003d5f0000)
  object space 150528K, 99% used [0x00000000342f0000,0x000000003d5effe0,0x000000003d5f0000)
 PSPermGen       total 83392K, used 83122K [0x000000002c2f0000, 0x0000000031460000, 0x00000000342f0000)
  object space 83392K, 99% used [0x000000002c2f0000,0x000000003141c988,0x0000000031460000)

Dynamic libraries:
0x000000013f9e0000 - 0x000000013fa12000 	C:\Program Files\MATLAB\R2012a\bin\win64\MATLAB.exe
0x0000000077150000 - 0x00000000772f9000 	C:\Windows\SYSTEM32\ntdll.dll
0x0000000076f30000 - 0x000000007704f000 	C:\Windows\system32\kernel32.dll
0x000007fefd400000 - 0x000007fefd46b000 	C:\Windows\system32\KERNELBASE.dll
0x0000000074460000 - 0x0000000074554000 	C:\Program Files\MATLAB\R2012a\bin\win64\libut.dll
0x00000000758a0000 - 0x0000000075952000 	C:\Program Files\MATLAB\R2012a\bin\win64\libmwi18n.dll
0x0000000180000000 - 0x000000018000b000 	C:\Program Files\MATLAB\R2012a\bin\win64\libmwresource_core.dll
0x0000000072f00000 - 0x0000000072fd3000 	C:\Windows\WinSxS\amd64_microsoft.vc90.crt_1fc8b3b9a1e18e3b_9.0.30729.4940_none_08e4299fa83d7e3c\MSVCP90.dll
0x0000000073150000 - 0x00000000731ed000 	C:\Windows\WinSxS\amd64_microsoft.vc90.crt_1fc8b3b9a1e18e3b_9.0.30729.4940_none_08e4299fa83d7e3c\MSVCR90.dll
0x000000007a170000 - 0x000000007a19c000 	C:\Program Files\MATLAB\R2012a\bin\win64\boost_filesystem-vc90-mt-1_44.dll
0x000000007a560000 - 0x000000007a569000 	C:\Program Files\MATLAB\R2012a\bin\win64\boost_system-vc90-mt-1_44.dll
0x000007fefefd0000 - 0x000007feff0ab000 	C:\Windows\system32\ADVAPI32.dll
0x000007fefdce0000 - 0x000007fefdd7f000 	C:\Windows\system32\msvcrt.dll
0x000007feff440000 - 0x000007feff45f000 	C:\Windows\SYSTEM32\sechost.dll
0x000007fefde50000 - 0x000007fefdf7d000 	C:\Windows\system32\RPCRT4.dll
0x000000007a010000 - 0x000000007a035000 	C:\Program Files\MATLAB\R2012a\bin\win64\LIBEXPAT.dll
0x0000000071c60000 - 0x0000000071e51000 	C:\Program Files\MATLAB\R2012a\bin\win64\icuin44.dll
0x0000000071640000 - 0x00000000717b1000 	C:\Program Files\MATLAB\R2012a\bin\win64\icuuc44.dll
0x0000000010000000 - 0x0000000010e41000 	C:\Program Files\MATLAB\R2012a\bin\win64\icudt44.dll
0x0000000073f70000 - 0x00000000740ad000 	C:\Program Files\MATLAB\R2012a\bin\win64\libmwfl.dll
0x0000000004420000 - 0x0000000004716000 	C:\Program Files\MATLAB\R2012a\bin\win64\libmwMATLAB_res.dll
0x000000007a3b0000 - 0x000000007a3c0000 	C:\Program Files\MATLAB\R2012a\bin\win64\boost_date_time-vc90-mt-1_44.dll
0x000000007a250000 - 0x000000007a263000 	C:\Program Files\MATLAB\R2012a\bin\win64\boost_signals-vc90-mt-1_44.dll
0x000000007a2d0000 - 0x000000007a2e2000 	C:\Program Files\MATLAB\R2012a\bin\win64\boost_thread-vc90-mt-1_44.dll
0x0000000004190000 - 0x00000000041d6000 	C:\Program Files\MATLAB\R2012a\bin\win64\tbb.dll
0x000007fefdf80000 - 0x000007fefdf97000 	C:\Windows\system32\imagehlp.dll
0x0000000077310000 - 0x0000000077317000 	C:\Windows\system32\PSAPI.DLL
0x0000000074e40000 - 0x0000000074e53000 	C:\Program Files\MATLAB\R2012a\bin\win64\icuio44.dll
0x000007feedca0000 - 0x000007feeddc5000 	C:\Windows\system32\dbghelp.dll
0x0000000077050000 - 0x000000007714a000 	C:\Windows\system32\USER32.dll
0x000007fefdbf0000 - 0x000007fefdc57000 	C:\Windows\system32\GDI32.dll
0x000007fefefc0000 - 0x000007fefefce000 	C:\Windows\system32\LPK.dll
0x000007fefdd80000 - 0x000007fefde49000 	C:\Windows\system32\USP10.dll
0x000000007bed0000 - 0x000000007c183000 	C:\Program Files\MATLAB\R2012a\bin\win64\libmwservices.dll
0x0000000075a20000 - 0x0000000075ae2000 	C:\Program Files\MATLAB\R2012a\bin\win64\libmx.dll
0x000000007a210000 - 0x000000007a228000 	C:\Program Files\MATLAB\R2012a\bin\win64\zlib1.dll
0x0000000004230000 - 0x0000000004251000 	C:\Program Files\MATLAB\R2012a\bin\win64\libmwmfl_scalar.dll
0x0000000075f10000 - 0x0000000075f5d000 	C:\Program Files\MATLAB\R2012a\bin\win64\mpath.dll
0x000000007b680000 - 0x000000007bbe1000 	C:\Program Files\MATLAB\R2012a\bin\win64\mlutil.dll
0x00000000730d0000 - 0x000000007314f000 	C:\Program Files\MATLAB\R2012a\bin\win64\xmlcore.dll
0x000000007bc30000 - 0x000000007be83000 	C:\Program Files\MATLAB\R2012a\bin\win64\xerces-c_2_7.dll
0x000007fefd680000 - 0x000007fefd6cd000 	C:\Windows\system32\WS2_32.dll
0x000007fefd5d0000 - 0x000007fefd5d8000 	C:\Windows\system32\NSI.dll
0x00000000042b0000 - 0x00000000042ca000 	C:\Program Files\MATLAB\R2012a\bin\win64\libmwMATLAB_settings_res.dll
0x0000000004720000 - 0x0000000004767000 	C:\Program Files\MATLAB\R2012a\bin\win64\boost_serialization-vc90-mt-1_44.dll
0x000007fefe230000 - 0x000007fefefb8000 	C:\Windows\system32\SHELL32.dll
0x000007fefdc60000 - 0x000007fefdcd1000 	C:\Windows\system32\SHLWAPI.dll
0x000007fef79b0000 - 0x000007fef7a50000 	C:\Windows\WinSxS\amd64_microsoft.windows.common-controls_6595b64144ccf1df_5.82.7601.17514_none_a4d6a923711520a9\COMCTL32.dll
0x000007fefd5e0000 - 0x000007fefd677000 	C:\Windows\system32\COMDLG32.dll
0x000007fefb150000 - 0x000007fefb166000 	C:\Windows\system32\NETAPI32.dll
0x000007fefb140000 - 0x000007fefb14c000 	C:\Windows\system32\netutils.dll
0x000007fefcbd0000 - 0x000007fefcbf3000 	C:\Windows\system32\srvcli.dll
0x000007fefb120000 - 0x000007fefb135000 	C:\Windows\system32\wkscli.dll
0x000007feff230000 - 0x000007feff433000 	C:\Windows\system32\ole32.dll
0x000007fefd470000 - 0x000007fefd547000 	C:\Windows\system32\OLEAUT32.dll
0x0000000074970000 - 0x0000000074b06000 	C:\Program Files\MATLAB\R2012a\bin\win64\mcr.dll
0x0000000075000000 - 0x000000007536b000 	C:\Program Files\MATLAB\R2012a\bin\win64\iqm.dll
0x0000000070160000 - 0x0000000070981000 	C:\Program Files\MATLAB\R2012a\bin\win64\m_interpreter.dll
0x0000000074e10000 - 0x0000000074e35000 	C:\Program Files\MATLAB\R2012a\bin\win64\libmex.dll
0x0000000071a10000 - 0x0000000071ac3000 	C:\Program Files\MATLAB\R2012a\bin\win64\m_dispatcher.dll
0x0000000074880000 - 0x000000007496d000 	C:\Program Files\MATLAB\R2012a\bin\win64\boost_regex-vc90-mt-1_44.dll
0x0000000072210000 - 0x0000000072294000 	C:\Program Files\MATLAB\R2012a\bin\win64\profiler.dll
0x00000000047b0000 - 0x0000000004a05000 	C:\Program Files\MATLAB\R2012a\bin\win64\libmwmathutil.dll
0x0000000079f40000 - 0x0000000079f6d000 	C:\Program Files\MATLAB\R2012a\bin\win64\libmwmathrng.dll
0x0000000074c10000 - 0x0000000074ced000 	C:\Program Files\MATLAB\R2012a\bin\win64\libmwmathcore.dll
0x0000000076160000 - 0x00000000761cb000 	C:\Program Files\MATLAB\R2012a\bin\win64\libmwspmatrix.dll
0x0000000075ea0000 - 0x0000000075f02000 	C:\Program Files\MATLAB\R2012a\bin\win64\libmwcholmod.dll
0x000000007a460000 - 0x000000007a46d000 	C:\Program Files\MATLAB\R2012a\bin\win64\libmwamd.dll
0x000000007a4b0000 - 0x000000007a4bc000 	C:\Program Files\MATLAB\R2012a\bin\win64\libmwcolamd.dll
0x0000000073ba0000 - 0x0000000073bb9000 	C:\Program Files\MATLAB\R2012a\bin\win64\libmwblas.dll
0x0000000073b40000 - 0x0000000073b52000 	C:\Program Files\MATLAB\R2012a\bin\win64\libmwbinder.dll
0x0000000074e00000 - 0x0000000074e0b000 	C:\Program Files\MATLAB\R2012a\bin\win64\libmwompwrapper.dll
0x0000000071980000 - 0x0000000071a06000 	C:\Program Files\MATLAB\R2012a\bin\win64\libmwlapack.dll
0x0000000073b10000 - 0x0000000073b31000 	C:\Program Files\MATLAB\R2012a\bin\win64\m_pcodeio.dll
0x0000000079b10000 - 0x0000000079b77000 	C:\Program Files\MATLAB\R2012a\bin\win64\m_ir.dll
0x000000006fb10000 - 0x0000000070160000 	C:\Program Files\MATLAB\R2012a\bin\win64\m_parser.dll
0x00000000730b0000 - 0x00000000730ca000 	C:\Program Files\MATLAB\R2012a\bin\win64\ir_xfmr.dll
0x00000000712e0000 - 0x0000000071559000 	C:\Program Files\MATLAB\R2012a\bin\win64\mcos.dll
0x00000000741e0000 - 0x00000000741ec000 	C:\Program Files\MATLAB\R2012a\bin\win64\mtok.dll
0x0000000072c20000 - 0x0000000072c51000 	C:\Program Files\MATLAB\R2012a\bin\win64\m_pcodegen.dll
0x0000000079fb0000 - 0x0000000079fe7000 	C:\Program Files\MATLAB\R2012a\bin\win64\libmwbridge.dll
0x000000006fa40000 - 0x000000006fb08000 	C:\Program Files\MATLAB\R2012a\bin\win64\udd.dll
0x000000006f8e0000 - 0x000000006fa32000 	C:\Program Files\MATLAB\R2012a\bin\win64\libmwgui.dll
0x0000000073090000 - 0x00000000730a7000 	C:\Program Files\MATLAB\R2012a\bin\win64\graphics_util.dll
0x000000006ef30000 - 0x000000006f8d3000 	C:\Program Files\MATLAB\R2012a\bin\win64\hg.dll
0x0000000004b80000 - 0x0000000004be7000 	C:\Program Files\MATLAB\R2012a\bin\win64\libmat.dll
0x0000000004c00000 - 0x0000000004e14000 	C:\Program Files\MATLAB\R2012a\bin\win64\hdf5dll.dll
0x0000000075710000 - 0x00000000757c1000 	C:\Program Files\MATLAB\R2012a\bin\win64\jmi.dll
0x0000000004e40000 - 0x0000000004e4e000 	C:\Program Files\MATLAB\R2012a\bin\win64\nativejava_services.dll
0x0000000071930000 - 0x0000000071972000 	C:\Program Files\MATLAB\R2012a\bin\win64\libmwhardcopy.dll
0x0000000071280000 - 0x00000000712da000 	C:\Program Files\MATLAB\R2012a\bin\win64\libuij.dll
0x000000006ed20000 - 0x000000006ef2c000 	C:\Program Files\MATLAB\R2012a\bin\win64\hgdatatypes.dll
0x000000006ec20000 - 0x000000006ed1d000 	C:\Program Files\MATLAB\R2012a\bin\win64\hgutils.dll
0x000000006eb60000 - 0x000000006ec1d000 	C:\Program Files\MATLAB\R2012a\bin\win64\udd_mi.dll
0x0000000004eb0000 - 0x0000000004eeb000 	C:\Program Files\MATLAB\R2012a\bin\win64\libmwgbtutils.dll
0x0000000004f00000 - 0x0000000004f19000 	C:\Program Files\MATLAB\R2012a\bin\win64\libmwgbt.dll
0x0000000004f30000 - 0x00000000051fa000 	C:\Program Files\MATLAB\R2012a\bin\win64\uiw.dll
0x0000000073b00000 - 0x0000000073b0f000 	C:\Program Files\MATLAB\R2012a\bin\win64\uinone.dll
0x000007fef7570000 - 0x000007fef7588000 	C:\Windows\system32\MPR.dll
0x000000006e670000 - 0x000000006eb54000 	C:\Windows\WinSxS\amd64_microsoft.vc90.mfc_1fc8b3b9a1e18e3b_9.0.30729.4148_none_04480933ab2137b1\mfc90.dll
0x000007feef7e0000 - 0x000007feef7e7000 	C:\Windows\system32\MSIMG32.dll
0x000007fef7e50000 - 0x000007fef7ec1000 	C:\Windows\system32\WINSPOOL.DRV
0x0000000072e50000 - 0x0000000072e70000 	C:\Program Files\MATLAB\R2012a\bin\win64\mwoles05.DLL
0x000000006e5f0000 - 0x000000006e66c000 	C:\Program Files\MATLAB\R2012a\bin\win64\comcli.dll
0x0000000071900000 - 0x000000007192f000 	C:\Windows\WinSxS\amd64_microsoft.vc90.atl_1fc8b3b9a1e18e3b_9.0.30729.4148_none_0a1d2fcba76b3f00\ATL90.DLL
0x00000000733a0000 - 0x00000000733ac000 	C:\Program Files\MATLAB\R2012a\bin\win64\mlautoregister.dll
0x0000000005250000 - 0x0000000005260000 	C:\Program Files\MATLAB\R2012a\bin\win64\boost_iostreams-vc90-mt-1_44.dll
0x000007fefdfa0000 - 0x000007fefdfce000 	C:\Windows\system32\IMM32.DLL
0x000007fefdae0000 - 0x000007fefdbe9000 	C:\Windows\system32\MSCTF.dll
0x000007fefb830000 - 0x000007fefb886000 	C:\Windows\system32\UxTheme.dll
0x000007fefb450000 - 0x000007fefb468000 	C:\Windows\system32\dwmapi.dll
0x00000000732e0000 - 0x00000000732ed000 	C:\Windows\WinSxS\amd64_microsoft.vc90.mfcloc_1fc8b3b9a1e18e3b_9.0.30729.4148_none_01c6b44660ce74c3\MFC90ENU.DLL
0x00000000054d0000 - 0x00000000054f9000 	C:\Program Files\MATLAB\R2012a\bin\win64\tbbmalloc.dll
0x0000000078870000 - 0x0000000078ecd000 	C:\Program Files\MATLAB\R2012a\sys\java\jre\win64\jre\bin\server\jvm.dll
0x000007fefad30000 - 0x000007fefad6b000 	C:\Windows\system32\WINMM.dll
0x000007fefd0a0000 - 0x000007fefd0af000 	C:\Windows\system32\profapi.dll
0x000007fefa490000 - 0x000007fefa4b7000 	C:\Windows\system32\iphlpapi.dll
0x000007fefa410000 - 0x000007fefa41b000 	C:\Windows\system32\WINNSI.DLL
0x000007fefc750000 - 0x000007fefc7ab000 	C:\Windows\system32\DNSAPI.dll
0x000007fefa180000 - 0x000007fefa198000 	C:\Windows\system32\dhcpcsvc.DLL
0x000007fefa160000 - 0x000007fefa171000 	C:\Windows\system32\dhcpcsvc6.DLL
0x0000000073080000 - 0x0000000073083000 	C:\Windows\system32\icmp.Dll
0x000007fefcf90000 - 0x000007fefcf9f000 	C:\Windows\system32\CRYPTBASE.dll
0x000007fefd1f0000 - 0x000007fefd226000 	C:\Windows\system32\CFGMGR32.dll
0x000007fefda40000 - 0x000007fefdad9000 	C:\Windows\system32\CLBCatQ.DLL
0x000000007a440000 - 0x000000007a44e000 	C:\Program Files\MATLAB\R2012a\sys\java\jre\win64\jre\bin\verify.dll
0x000000007a070000 - 0x000000007a097000 	C:\Program Files\MATLAB\R2012a\sys\java\jre\win64\jre\bin\java.dll
0x000000007a540000 - 0x000000007a54a000 	C:\Program Files\MATLAB\R2012a\sys\java\jre\win64\jre\bin\hpi.dll

VM Arguments:
jvm_args: -Xss512k -XX:PermSize=32m -Xms64m -XX:NewRatio=3 -XX:MaxPermSize=128m -Xmx196m -XX:MaxDirectMemorySize=2147400000 -Dsun.java2d.noddraw=true -Dsun.awt.nopixfmt=true -Xshare:off -Xrs -Dsun.awt.disableMixing=true -Djava.library.path=C:\Program Files\MATLAB\R2012a\bin\win64 vfprintf abort 
java_command: <unknown>
Launcher Type: generic

Environment Variables:
PATH=C:\Program Files\MATLAB\R2012a\bin\win64;C:\Program Files (x86)\PC Connectivity Solution\;C:\Windows\system32;C:\Windows;C:\Windows\System32\Wbem;C:\Windows\System32\WindowsPowerShell\v1.0\;C:\Program Files\MATLAB\R2012a\runtime\win64;C:\Program Files\MATLAB\R2012a\bin
USERNAME=joseph
OS=Windows_NT
PROCESSOR_IDENTIFIER=Intel64 Family 6 Model 15 Stepping 11, GenuineIntel



---------------  S Y S T E M  ---------------

OS: Windows 7 Build 7601 Service Pack 1

CPU:total 2 (2 cores per cpu, 1 threads per core) family 6 model 15 stepping 11, cmov, cx8, fxsr, mmx, sse, sse2, sse3, ssse3

Memory: 4k page, physical 2086884k(860056k free), swap 2535296k(813928k free)

vm_info: Java HotSpot(TM) 64-Bit Server VM (14.3-b01) for windows-amd64 JRE (1.6.0_17-b04), built on Oct 11 2009 00:46:08 by "java_re" with MS VC++ 8.0

time: Fri Feb 19 11:01:08 2016
elapsed time: 31684 seconds

