#
# A fatal error has been detected by the Java Runtime Environment:
#
#  EXCEPTION_ACCESS_VIOLATION (0xc0000005) at pc=0x0000000078bbbcc6, pid=3344, tid=3356
#
# JRE version: 6.0_17-b04
# Java VM: Java HotSpot(TM) 64-Bit Server VM (14.3-b01 mixed mode windows-amd64 )
# Problematic frame:
# V  [jvm.dll+0x34bcc6]
#
# If you would like to submit a bug report, please visit:
#   http://java.sun.com/webapps/bugreport/crash.jsp
#

---------------  T H R E A D  ---------------

Current thread (0x000000000d650800):  VMThread [stack: 0x0000000048c20000,0x000000004cc20000] [id=3356]

siginfo: ExceptionCode=0xc0000005, reading address 0x0000000000000008

Registers:
EAX=0x0000000070502ee0, EBX=0x0000000000000000, ECX=0x0000000000003552, EDX=0x0000000000000000
ESP=0x000000004cc1f1b0, EBP=0x00000000052c1f30, ESI=0x00000000052c38e0, EDI=0x00000000052c5af0
EIP=0x0000000078bbbcc6, EFLAGS=0x0000000000010246

Top of Stack: (sp=0x000000004cc1f1b0)
0x000000004cc1f1b0:   0000000000000000 00000000052c1f30
0x000000004cc1f1c0:   0000000000000000 00000000052c5af0
0x000000004cc1f1d0:   00000000052c1ea0 0000000078c304fd
0x000000004cc1f1e0:   0000000000000000 00000000052c1f30
0x000000004cc1f1f0:   00000000052c38e0 00000000052c5af0
0x000000004cc1f200:   000000000528c340 00000000000329b0
0x000000004cc1f210:   0000000005010100 0000000000000000
0x000000004cc1f220:   00000000052bb800 00000000052c0e00
0x000000004cc1f230:   000000000f15bb00 000000000528c340
0x000000004cc1f240:   0000000000000000 0000000078c30fc7
0x000000004cc1f250:   00000000052c5b90 00000000052c5b90
0x000000004cc1f260:   00000000052c38e0 00000000052c5af0
0x000000004cc1f270:   000000000528c340 0000000001750000
0x000000004cc1f280:   0000000009300000 0000000078c50ea9
0x000000004cc1f290:   0000000a2a070c01 000000002a00a431
0x000000004cc1f2a0:   000000002a009501 00000000052c1ea0 

Instructions: (pc=0x0000000078bbbcc6)
0x0000000078bbbcb6:   8b 4a 08 48 8b 05 18 c2 2a 00 48 8d 0c c8 eb 04
0x0000000078bbbcc6:   48 8b 4a 08 48 8b 41 10 48 83 c1 10 ff 90 c0 00 


Stack: [0x0000000048c20000,0x000000004cc20000],  sp=0x000000004cc1f1b0,  free space=65532k
Native frames: (J=compiled Java code, j=interpreted, Vv=VM code, C=native code)
V  [jvm.dll+0x34bcc6]

VM_Operation (0x0000000004209ae0): ParallelGCFailedAllocation, mode: safepoint, requested by thread 0x00000000052bb800


---------------  P R O C E S S  ---------------

Java Threads: ( => current thread )
  0x000000000f2c0000 JavaThread "Code Analyzer updating thread" [_thread_blocked, id=624, stack(0x0000000025da0000,0x0000000025e20000)]
  0x000000000f2c0800 JavaThread "Code Analyzer updating thread" [_thread_blocked, id=2708, stack(0x0000000025870000,0x00000000258f0000)]
  0x000000000f2e6800 JavaThread "pool-9-thread-1" [_thread_blocked, id=4008, stack(0x0000000025e50000,0x0000000025ed0000)]
  0x000000000f2bf000 JavaThread "Timer-315" [_thread_blocked, id=328, stack(0x0000000025680000,0x0000000025700000)]
  0x000000000f2c4000 JavaThread "pool-8-thread-1" [_thread_blocked, id=324, stack(0x00000000257d0000,0x0000000025850000)]
  0x000000000f2c3800 JavaThread "Code Analyzer updating thread" [_thread_blocked, id=920, stack(0x000000001d170000,0x000000001d1f0000)]
  0x000000000f2c1800 JavaThread "Code Analyzer updating thread" [_thread_blocked, id=2032, stack(0x0000000025740000,0x00000000257c0000)]
  0x000000000f2c5000 JavaThread "Prefs Updater" daemon [_thread_blocked, id=108, stack(0x00000000255c0000,0x0000000025640000)]
  0x0000000070244800 JavaThread "Code Analyzer updating thread" [_thread_blocked, id=296, stack(0x0000000071ac0000,0x0000000071b40000)]
  0x0000000070244000 JavaThread "Code Analyzer updating thread" [_thread_blocked, id=1856, stack(0x0000000071860000,0x00000000718e0000)]
  0x0000000070243000 JavaThread "Code Analyzer updating thread" [_thread_blocked, id=2832, stack(0x0000000071930000,0x00000000719b0000)]
  0x0000000070242800 JavaThread "Code Analyzer updating thread" [_thread_blocked, id=2520, stack(0x0000000071760000,0x00000000717e0000)]
  0x0000000070242000 JavaThread "Code Analyzer updating thread" [_thread_blocked, id=3412, stack(0x00000000716e0000,0x0000000071760000)]
  0x0000000070241000 JavaThread "Code Analyzer updating thread" [_thread_blocked, id=3752, stack(0x0000000048aa0000,0x0000000048b20000)]
  0x0000000070240800 JavaThread "Code Analyzer updating thread" [_thread_blocked, id=2704, stack(0x0000000070cb0000,0x0000000070d30000)]
  0x000000007023f800 JavaThread "Code Analyzer updating thread" [_thread_blocked, id=3912, stack(0x00000000713d0000,0x0000000071450000)]
  0x000000007023f000 JavaThread "Code Analyzer updating thread" [_thread_blocked, id=2916, stack(0x000000006cab0000,0x000000006cb30000)]
  0x000000007023e000 JavaThread "Code Analyzer updating thread" [_thread_blocked, id=2808, stack(0x00000000712e0000,0x0000000071360000)]
  0x000000007023d800 JavaThread "Code Analyzer updating thread" [_thread_blocked, id=3476, stack(0x000000006fbb0000,0x000000006fc30000)]
  0x000000000e04c800 JavaThread "Code Analyzer updating thread" [_thread_blocked, id=2820, stack(0x0000000070c30000,0x0000000070cb0000)]
  0x000000000e04c000 JavaThread "Code Analyzer updating thread" [_thread_blocked, id=3168, stack(0x0000000010e80000,0x0000000010f00000)]
  0x000000000e04b000 JavaThread "Code Analyzer updating thread" [_thread_blocked, id=2040, stack(0x0000000050c20000,0x0000000050ca0000)]
  0x000000000e04a800 JavaThread "Code Analyzer updating thread" [_thread_blocked, id=3716, stack(0x000000006fad0000,0x000000006fb50000)]
  0x000000000e049800 JavaThread "Code Analyzer updating thread" [_thread_blocked, id=2908, stack(0x00000000080b0000,0x0000000008130000)]
  0x000000000e049000 JavaThread "Code Analyzer updating thread" [_thread_blocked, id=3400, stack(0x00000000190a0000,0x0000000019120000)]
  0x000000000f2e1000 JavaThread "Code Analyzer updating thread" [_thread_blocked, id=1224, stack(0x0000000021380000,0x0000000021400000)]
  0x000000000f2e2000 JavaThread "Code Analyzer updating thread" [_thread_blocked, id=1376, stack(0x0000000010f00000,0x0000000010f80000)]
  0x000000000e048000 JavaThread "Code Analyzer updating thread" [_thread_blocked, id=2656, stack(0x000000005cd80000,0x000000005ce00000)]
  0x000000000e047800 JavaThread "Code Analyzer updating thread" [_thread_blocked, id=3836, stack(0x000000006d070000,0x000000006d0f0000)]
  0x000000000e047000 JavaThread "Code Analyzer updating thread" [_thread_blocked, id=3452, stack(0x000000006cb80000,0x000000006cc00000)]
  0x000000000e045800 JavaThread "Code Analyzer updating thread" [_thread_blocked, id=3040, stack(0x000000006ca30000,0x000000006cab0000)]
  0x000000000f2ee000 JavaThread "Code Analyzer updating thread" [_thread_blocked, id=3880, stack(0x000000006c990000,0x000000006ca10000)]
  0x000000000f2ed800 JavaThread "Code Analyzer updating thread" [_thread_blocked, id=892, stack(0x000000006c840000,0x000000006c8c0000)]
  0x000000000f2ed000 JavaThread "Code Analyzer updating thread" [_thread_blocked, id=1352, stack(0x000000006c8c0000,0x000000006c940000)]
  0x000000000f2ec000 JavaThread "Code Analyzer updating thread" [_thread_blocked, id=2000, stack(0x0000000044a00000,0x0000000044a80000)]
  0x000000000f2eb800 JavaThread "Code Analyzer updating thread" [_thread_blocked, id=1216, stack(0x000000006c3c0000,0x000000006c440000)]
  0x000000000f2ea800 JavaThread "Code Analyzer updating thread" [_thread_blocked, id=3232, stack(0x000000006c7a0000,0x000000006c820000)]
  0x000000000f2ea000 JavaThread "Code Analyzer updating thread" [_thread_blocked, id=2128, stack(0x000000006c6d0000,0x000000006c750000)]
  0x000000000f2e9000 JavaThread "Code Analyzer updating thread" [_thread_blocked, id=3360, stack(0x000000006c620000,0x000000006c6a0000)]
  0x000000000f2e8800 JavaThread "Active Reference Queue Daemon" daemon [_thread_blocked, id=3192, stack(0x000000006c540000,0x000000006c5c0000)]
  0x000000000f2e7800 JavaThread "Timer-10" daemon [_thread_blocked, id=3004, stack(0x000000006c490000,0x000000006c510000)]
  0x000000000f2e7000 JavaThread "Timer-9" daemon [_thread_blocked, id=2376, stack(0x000000006c340000,0x000000006c3c0000)]
  0x000000000f2e5800 JavaThread "Explorer NavigationContext request queue" [_thread_blocked, id=3960, stack(0x000000006c290000,0x000000006c310000)]
  0x000000000f2e4000 JavaThread "AddressBar directory emptiness poller" [_thread_blocked, id=1840, stack(0x000000006c1f0000,0x000000006c270000)]
  0x000000000f2e2800 JavaThread "Timer-1" [_thread_blocked, id=2212, stack(0x000000005cd00000,0x000000005cd80000)]
  0x000000000f2e0800 JavaThread "TimerQueue" daemon [_thread_blocked, id=1980, stack(0x0000000021300000,0x0000000021380000)]
  0x000000000f2e0000 JavaThread "AWT-EventQueue-0" [_thread_blocked, id=1836, stack(0x0000000008000000,0x0000000008080000)]
  0x000000000f2df000 JavaThread "AWT-Shutdown" [_thread_blocked, id=1932, stack(0x0000000007f60000,0x0000000007fe0000)]
  0x000000000ef89800 JavaThread "FelixPackageAdmin" daemon [_thread_blocked, id=2748, stack(0x000000000ff50000,0x000000000ffd0000)]
  0x000000000f09c000 JavaThread "FelixStartLevel" daemon [_thread_blocked, id=2800, stack(0x000000001d200000,0x000000001d280000)]
  0x000000000f09b000 JavaThread "FelixDispatchQueue" daemon [_thread_blocked, id=3136, stack(0x0000000014fe0000,0x0000000015060000)]
  0x000000000ee8e800 JavaThread "com.google.common.base.internal.Finalizer" daemon [_thread_blocked, id=2700, stack(0x000000000fed0000,0x000000000ff50000)]
  0x000000000eed2000 JavaThread "AWT-Windows" daemon [_thread_blocked, id=960, stack(0x000000000fd40000,0x000000000fdc0000)]
  0x000000000eec8000 JavaThread "Java2D Disposer" daemon [_thread_blocked, id=2512, stack(0x000000000fad0000,0x000000000fb50000)]
  0x000000000e9b4000 JavaThread "Timer-0" [_thread_blocked, id=3148, stack(0x000000000f940000,0x000000000f9c0000)]
  0x000000000e910800 JavaThread "EventMgr Dispatcher" daemon [_thread_in_native, id=3704, stack(0x0000000010f90000,0x0000000014f90000)]
  0x000000000d6c0000 JavaThread "Low Memory Detector" daemon [_thread_blocked, id=1984, stack(0x000000000d870000,0x000000000d8f0000)]
  0x000000000d6ba800 JavaThread "CompilerThread1" daemon [_thread_blocked, id=1112, stack(0x0000000050ca0000,0x0000000054ca0000)]
  0x000000000d6b6000 JavaThread "CompilerThread0" daemon [_thread_blocked, id=4004, stack(0x000000004cc20000,0x0000000050c20000)]
  0x000000000d6b5800 JavaThread "Attach Listener" daemon [_thread_blocked, id=988, stack(0x000000000d980000,0x000000000da00000)]
  0x000000000d657800 JavaThread "Finalizer" daemon [_thread_blocked, id=3992, stack(0x000000000da90000,0x000000000db10000)]
  0x000000000d654800 JavaThread "Reference Handler" daemon [_thread_blocked, id=3600, stack(0x000000000d900000,0x000000000d980000)]
  0x00000000052bb800 JavaThread "main" [_thread_blocked, id=3108, stack(0x0000000000210000,0x0000000004210000)]

Other Threads:
=>0x000000000d650800 VMThread [stack: 0x0000000048c20000,0x000000004cc20000] [id=3356]
  0x000000000d6fc000 WatcherThread [stack: 0x0000000054cf0000,0x0000000058cf0000] [id=2932]

VM state:at safepoint (normal execution)

VM Mutex/Monitor currently owned by a thread:  ([mutex/lock_event])
[0x000000000528de80] Threads_lock - owner thread: 0x000000000d650800
[0x000000000528e380] Heap_lock - owner thread: 0x00000000052bb800

Heap
 PSYoungGen      total 35776K, used 23872K [0x000000003d880000, 0x00000000406b0000, 0x0000000040980000)
  eden space 23872K, 100% used [0x000000003d880000,0x000000003efd0000,0x000000003efd0000)
  from space 11904K, 0% used [0x000000003efd0000,0x000000003efd0000,0x000000003fb70000)
  to   space 11456K, 0% used [0x000000003fb80000,0x000000003fb80000,0x00000000406b0000)
 PSOldGen        total 150528K, used 150527K [0x0000000034580000, 0x000000003d880000, 0x000000003d880000)
  object space 150528K, 99% used [0x0000000034580000,0x000000003d87ffe0,0x000000003d880000)
 PSPermGen       total 80448K, used 80143K [0x000000002c580000, 0x0000000031410000, 0x0000000034580000)
  object space 80448K, 99% used [0x000000002c580000,0x00000000313c3d58,0x0000000031410000)

Dynamic libraries:
0x000000013fc10000 - 0x000000013fc42000 	C:\Program Files\MATLAB\R2012a\bin\win64\MATLAB.exe
0x0000000077390000 - 0x0000000077539000 	C:\Windows\SYSTEM32\ntdll.dll
0x0000000077270000 - 0x000000007738f000 	C:\Windows\system32\kernel32.dll
0x000007fefd540000 - 0x000007fefd5ab000 	C:\Windows\system32\KERNELBASE.dll
0x0000000074460000 - 0x0000000074554000 	C:\Program Files\MATLAB\R2012a\bin\win64\libut.dll
0x00000000758a0000 - 0x0000000075952000 	C:\Program Files\MATLAB\R2012a\bin\win64\libmwi18n.dll
0x0000000180000000 - 0x000000018000b000 	C:\Program Files\MATLAB\R2012a\bin\win64\libmwresource_core.dll
0x00000000714d0000 - 0x00000000715a3000 	C:\Windows\WinSxS\amd64_microsoft.vc90.crt_1fc8b3b9a1e18e3b_9.0.30729.4940_none_08e4299fa83d7e3c\MSVCP90.dll
0x000000006fa30000 - 0x000000006facd000 	C:\Windows\WinSxS\amd64_microsoft.vc90.crt_1fc8b3b9a1e18e3b_9.0.30729.4940_none_08e4299fa83d7e3c\MSVCR90.dll
0x000000007a170000 - 0x000000007a19c000 	C:\Program Files\MATLAB\R2012a\bin\win64\boost_filesystem-vc90-mt-1_44.dll
0x000000007a560000 - 0x000000007a569000 	C:\Program Files\MATLAB\R2012a\bin\win64\boost_system-vc90-mt-1_44.dll
0x000007fefedb0000 - 0x000007fefee8b000 	C:\Windows\system32\ADVAPI32.dll
0x000007fefdcd0000 - 0x000007fefdd6f000 	C:\Windows\system32\msvcrt.dll
0x000007fefdaa0000 - 0x000007fefdabf000 	C:\Windows\SYSTEM32\sechost.dll
0x000007fefd700000 - 0x000007fefd82d000 	C:\Windows\system32\RPCRT4.dll
0x000000007a010000 - 0x000000007a035000 	C:\Program Files\MATLAB\R2012a\bin\win64\LIBEXPAT.dll
0x0000000070e40000 - 0x0000000071031000 	C:\Program Files\MATLAB\R2012a\bin\win64\icuin44.dll
0x00000000710c0000 - 0x0000000071231000 	C:\Program Files\MATLAB\R2012a\bin\win64\icuuc44.dll
0x0000000010000000 - 0x0000000010e41000 	C:\Program Files\MATLAB\R2012a\bin\win64\icudt44.dll
0x0000000073f70000 - 0x00000000740ad000 	C:\Program Files\MATLAB\R2012a\bin\win64\libmwfl.dll
0x0000000004490000 - 0x0000000004786000 	C:\Program Files\MATLAB\R2012a\bin\win64\libmwMATLAB_res.dll
0x000000007a3b0000 - 0x000000007a3c0000 	C:\Program Files\MATLAB\R2012a\bin\win64\boost_date_time-vc90-mt-1_44.dll
0x000000007a250000 - 0x000000007a263000 	C:\Program Files\MATLAB\R2012a\bin\win64\boost_signals-vc90-mt-1_44.dll
0x000000007a2d0000 - 0x000000007a2e2000 	C:\Program Files\MATLAB\R2012a\bin\win64\boost_thread-vc90-mt-1_44.dll
0x0000000000190000 - 0x00000000001d6000 	C:\Program Files\MATLAB\R2012a\bin\win64\tbb.dll
0x000007fefeb30000 - 0x000007fefeb47000 	C:\Windows\system32\imagehlp.dll
0x0000000077560000 - 0x0000000077567000 	C:\Windows\system32\PSAPI.DLL
0x0000000071670000 - 0x0000000071683000 	C:\Program Files\MATLAB\R2012a\bin\win64\icuio44.dll
0x000007feebd50000 - 0x000007feebe75000 	C:\Windows\system32\dbghelp.dll
0x0000000077170000 - 0x000000007726a000 	C:\Windows\system32\USER32.dll
0x000007fefda30000 - 0x000007fefda97000 	C:\Windows\system32\GDI32.dll
0x000007fefdac0000 - 0x000007fefdace000 	C:\Windows\system32\LPK.dll
0x000007feff450000 - 0x000007feff519000 	C:\Windows\system32\USP10.dll
0x000000007bed0000 - 0x000000007c183000 	C:\Program Files\MATLAB\R2012a\bin\win64\libmwservices.dll
0x0000000075a20000 - 0x0000000075ae2000 	C:\Program Files\MATLAB\R2012a\bin\win64\libmx.dll
0x000000007a210000 - 0x000000007a228000 	C:\Program Files\MATLAB\R2012a\bin\win64\zlib1.dll
0x0000000004230000 - 0x0000000004251000 	C:\Program Files\MATLAB\R2012a\bin\win64\libmwmfl_scalar.dll
0x0000000075f10000 - 0x0000000075f5d000 	C:\Program Files\MATLAB\R2012a\bin\win64\mpath.dll
0x000000007b680000 - 0x000000007bbe1000 	C:\Program Files\MATLAB\R2012a\bin\win64\mlutil.dll
0x00000000715f0000 - 0x000000007166f000 	C:\Program Files\MATLAB\R2012a\bin\win64\xmlcore.dll
0x000000007bc30000 - 0x000000007be83000 	C:\Program Files\MATLAB\R2012a\bin\win64\xerces-c_2_7.dll
0x000007fefd6b0000 - 0x000007fefd6fd000 	C:\Windows\system32\WS2_32.dll
0x000007fefdbb0000 - 0x000007fefdbb8000 	C:\Windows\system32\NSI.dll
0x00000000042b0000 - 0x00000000042ca000 	C:\Program Files\MATLAB\R2012a\bin\win64\libmwMATLAB_settings_res.dll
0x00000000042e0000 - 0x0000000004327000 	C:\Program Files\MATLAB\R2012a\bin\win64\boost_serialization-vc90-mt-1_44.dll
0x000007fefdd70000 - 0x000007fefeaf8000 	C:\Windows\system32\SHELL32.dll
0x000007fefd8d0000 - 0x000007fefd941000 	C:\Windows\system32\SHLWAPI.dll
0x000007fef85f0000 - 0x000007fef8690000 	C:\Windows\WinSxS\amd64_microsoft.windows.common-controls_6595b64144ccf1df_5.82.7601.17514_none_a4d6a923711520a9\COMCTL32.dll
0x000007fefee90000 - 0x000007fefef27000 	C:\Windows\system32\COMDLG32.dll
0x000007fefb390000 - 0x000007fefb3a6000 	C:\Windows\system32\NETAPI32.dll
0x000007fefb380000 - 0x000007fefb38c000 	C:\Windows\system32\netutils.dll
0x000007fefcdf0000 - 0x000007fefce13000 	C:\Windows\system32\srvcli.dll
0x000007fefb360000 - 0x000007fefb375000 	C:\Windows\system32\wkscli.dll
0x000007feff240000 - 0x000007feff443000 	C:\Windows\system32\ole32.dll
0x000007fefd950000 - 0x000007fefda27000 	C:\Windows\system32\OLEAUT32.dll
0x0000000074970000 - 0x0000000074b06000 	C:\Program Files\MATLAB\R2012a\bin\win64\mcr.dll
0x0000000075000000 - 0x000000007536b000 	C:\Program Files\MATLAB\R2012a\bin\win64\iqm.dll
0x000000006e9d0000 - 0x000000006f1f1000 	C:\Program Files\MATLAB\R2012a\bin\win64\m_interpreter.dll
0x00000000715c0000 - 0x00000000715e5000 	C:\Program Files\MATLAB\R2012a\bin\win64\libmex.dll
0x0000000070d80000 - 0x0000000070e33000 	C:\Program Files\MATLAB\R2012a\bin\win64\m_dispatcher.dll
0x0000000074880000 - 0x000000007496d000 	C:\Program Files\MATLAB\R2012a\bin\win64\boost_regex-vc90-mt-1_44.dll
0x000000006f9a0000 - 0x000000006fa24000 	C:\Program Files\MATLAB\R2012a\bin\win64\profiler.dll
0x00000000047b0000 - 0x0000000004a05000 	C:\Program Files\MATLAB\R2012a\bin\win64\libmwmathutil.dll
0x0000000079f40000 - 0x0000000079f6d000 	C:\Program Files\MATLAB\R2012a\bin\win64\libmwmathrng.dll
0x0000000074c10000 - 0x0000000074ced000 	C:\Program Files\MATLAB\R2012a\bin\win64\libmwmathcore.dll
0x0000000076160000 - 0x00000000761cb000 	C:\Program Files\MATLAB\R2012a\bin\win64\libmwspmatrix.dll
0x0000000075ea0000 - 0x0000000075f02000 	C:\Program Files\MATLAB\R2012a\bin\win64\libmwcholmod.dll
0x000000007a460000 - 0x000000007a46d000 	C:\Program Files\MATLAB\R2012a\bin\win64\libmwamd.dll
0x000000007a4b0000 - 0x000000007a4bc000 	C:\Program Files\MATLAB\R2012a\bin\win64\libmwcolamd.dll
0x00000000710a0000 - 0x00000000710b9000 	C:\Program Files\MATLAB\R2012a\bin\win64\libmwblas.dll
0x0000000071080000 - 0x0000000071092000 	C:\Program Files\MATLAB\R2012a\bin\win64\libmwbinder.dll
0x0000000073a80000 - 0x0000000073a8b000 	C:\Program Files\MATLAB\R2012a\bin\win64\libmwompwrapper.dll
0x000000006f910000 - 0x000000006f996000 	C:\Program Files\MATLAB\R2012a\bin\win64\libmwlapack.dll
0x0000000071050000 - 0x0000000071071000 	C:\Program Files\MATLAB\R2012a\bin\win64\m_pcodeio.dll
0x0000000079b10000 - 0x0000000079b77000 	C:\Program Files\MATLAB\R2012a\bin\win64\m_ir.dll
0x000000006f2c0000 - 0x000000006f910000 	C:\Program Files\MATLAB\R2012a\bin\win64\m_parser.dll
0x0000000070d60000 - 0x0000000070d7a000 	C:\Program Files\MATLAB\R2012a\bin\win64\ir_xfmr.dll
0x000000006e750000 - 0x000000006e9c9000 	C:\Program Files\MATLAB\R2012a\bin\win64\mcos.dll
0x00000000740d0000 - 0x00000000740dc000 	C:\Program Files\MATLAB\R2012a\bin\win64\mtok.dll
0x000000006f280000 - 0x000000006f2b1000 	C:\Program Files\MATLAB\R2012a\bin\win64\m_pcodegen.dll
0x0000000079fb0000 - 0x0000000079fe7000 	C:\Program Files\MATLAB\R2012a\bin\win64\libmwbridge.dll
0x000000006e680000 - 0x000000006e748000 	C:\Program Files\MATLAB\R2012a\bin\win64\udd.dll
0x000000006e520000 - 0x000000006e672000 	C:\Program Files\MATLAB\R2012a\bin\win64\libmwgui.dll
0x0000000070d40000 - 0x0000000070d57000 	C:\Program Files\MATLAB\R2012a\bin\win64\graphics_util.dll
0x000000006db70000 - 0x000000006e513000 	C:\Program Files\MATLAB\R2012a\bin\win64\hg.dll
0x0000000004b80000 - 0x0000000004be7000 	C:\Program Files\MATLAB\R2012a\bin\win64\libmat.dll
0x0000000072d30000 - 0x0000000072f44000 	C:\Program Files\MATLAB\R2012a\bin\win64\hdf5dll.dll
0x0000000075710000 - 0x00000000757c1000 	C:\Program Files\MATLAB\R2012a\bin\win64\jmi.dll
0x0000000004c20000 - 0x0000000004c2e000 	C:\Program Files\MATLAB\R2012a\bin\win64\nativejava_services.dll
0x000000006f230000 - 0x000000006f272000 	C:\Program Files\MATLAB\R2012a\bin\win64\libmwhardcopy.dll
0x000000006db10000 - 0x000000006db6a000 	C:\Program Files\MATLAB\R2012a\bin\win64\libuij.dll
0x000000006d900000 - 0x000000006db0c000 	C:\Program Files\MATLAB\R2012a\bin\win64\hgdatatypes.dll
0x000000006d800000 - 0x000000006d8fd000 	C:\Program Files\MATLAB\R2012a\bin\win64\hgutils.dll
0x000000006d740000 - 0x000000006d7fd000 	C:\Program Files\MATLAB\R2012a\bin\win64\udd_mi.dll
0x0000000004c90000 - 0x0000000004ccb000 	C:\Program Files\MATLAB\R2012a\bin\win64\libmwgbtutils.dll
0x0000000004ce0000 - 0x0000000004cf9000 	C:\Program Files\MATLAB\R2012a\bin\win64\libmwgbt.dll
0x0000000004d10000 - 0x0000000004fda000 	C:\Program Files\MATLAB\R2012a\bin\win64\uiw.dll
0x0000000073330000 - 0x000000007333f000 	C:\Program Files\MATLAB\R2012a\bin\win64\uinone.dll
0x000007fef7a70000 - 0x000007fef7a88000 	C:\Windows\system32\MPR.dll
0x000000006d250000 - 0x000000006d734000 	C:\Windows\WinSxS\amd64_microsoft.vc90.mfc_1fc8b3b9a1e18e3b_9.0.30729.4148_none_04480933ab2137b1\mfc90.dll
0x000007feeeb90000 - 0x000007feeeb97000 	C:\Windows\system32\MSIMG32.dll
0x000007fef8740000 - 0x000007fef87b1000 	C:\Windows\system32\WINSPOOL.DRV
0x000000006f210000 - 0x000000006f230000 	C:\Program Files\MATLAB\R2012a\bin\win64\mwoles05.DLL
0x000000006d1d0000 - 0x000000006d24c000 	C:\Program Files\MATLAB\R2012a\bin\win64\comcli.dll
0x000000006d1a0000 - 0x000000006d1cf000 	C:\Windows\WinSxS\amd64_microsoft.vc90.atl_1fc8b3b9a1e18e3b_9.0.30729.4148_none_0a1d2fcba76b3f00\ATL90.DLL
0x0000000073400000 - 0x000000007340c000 	C:\Program Files\MATLAB\R2012a\bin\win64\mlautoregister.dll
0x0000000005030000 - 0x0000000005040000 	C:\Program Files\MATLAB\R2012a\bin\win64\boost_iostreams-vc90-mt-1_44.dll
0x000007fefeb00000 - 0x000007fefeb2e000 	C:\Windows\system32\IMM32.DLL
0x000007fefdbc0000 - 0x000007fefdcc9000 	C:\Windows\system32\MSCTF.dll
0x000007fefba70000 - 0x000007fefbac6000 	C:\Windows\system32\UxTheme.dll
0x000007fefb690000 - 0x000007fefb6a8000 	C:\Windows\system32\dwmapi.dll
0x00000000715b0000 - 0x00000000715bd000 	C:\Windows\WinSxS\amd64_microsoft.vc90.mfcloc_1fc8b3b9a1e18e3b_9.0.30729.4148_none_01c6b44660ce74c3\MFC90ENU.DLL
0x00000000051b0000 - 0x00000000051d9000 	C:\Program Files\MATLAB\R2012a\bin\win64\tbbmalloc.dll
0x0000000078870000 - 0x0000000078ecd000 	C:\Program Files\MATLAB\R2012a\sys\java\jre\win64\jre\bin\server\jvm.dll
0x000007fefaf70000 - 0x000007fefafab000 	C:\Windows\system32\WINMM.dll
0x000007fefd2e0000 - 0x000007fefd2ef000 	C:\Windows\system32\profapi.dll
0x000007fefa6c0000 - 0x000007fefa6e7000 	C:\Windows\system32\iphlpapi.dll
0x000007fefa670000 - 0x000007fefa67b000 	C:\Windows\system32\WINNSI.DLL
0x000007fefc990000 - 0x000007fefc9eb000 	C:\Windows\system32\DNSAPI.dll
0x000007fefa4a0000 - 0x000007fefa4b8000 	C:\Windows\system32\dhcpcsvc.DLL
0x000007fefa480000 - 0x000007fefa491000 	C:\Windows\system32\dhcpcsvc6.DLL
0x0000000073250000 - 0x0000000073253000 	C:\Windows\system32\icmp.Dll
0x000007fefd1d0000 - 0x000007fefd1df000 	C:\Windows\system32\CRYPTBASE.dll
0x000007fefd390000 - 0x000007fefd3c6000 	C:\Windows\system32\CFGMGR32.dll
0x000000007a440000 - 0x000000007a44e000 	C:\Program Files\MATLAB\R2012a\sys\java\jre\win64\jre\bin\verify.dll
0x000000007a070000 - 0x000000007a097000 	C:\Program Files\MATLAB\R2012a\sys\java\jre\win64\jre\bin\java.dll
0x000000007a540000 - 0x000000007a54a000 	C:\Program Files\MATLAB\R2012a\sys\java\jre\win64\jre\bin\hpi.dll
0x000000007a370000 - 0x000000007a382000 	C:\Program Files\MATLAB\R2012a\sys\java\jre\win64\jre\bin\zip.dll

VM Arguments:
jvm_args: -Xss512k -XX:PermSize=32m -Xms64m -XX:NewRatio=3 -XX:MaxPermSize=128m -Xmx196m -XX:MaxDirectMemorySize=2147400000 -Dsun.java2d.noddraw=true -Dsun.awt.nopixfmt=true -Xshare:off -Xrs -Dsun.awt.disableMixing=true -Djava.library.path=C:\Program Files\MATLAB\R2012a\bin\win64 vfprintf abort 
java_command: <unknown>
Launcher Type: generic

Environment Variables:
PATH=C:\Program Files (x86)\PC Connectivity Solution\;C:\Windows\system32;C:\Windows;C:\Windows\System32\Wbem;C:\Windows\System32\WindowsPowerShell\v1.0\;C:\Program Files\MATLAB\R2012a\runtime\win64;C:\Program Files\MATLAB\R2012a\bin
USERNAME=joseph
OS=Windows_NT
PROCESSOR_IDENTIFIER=Intel64 Family 6 Model 15 Stepping 11, GenuineIntel



---------------  S Y S T E M  ---------------

OS: Windows 7 Build 7601 Service Pack 1

CPU:total 2 (2 cores per cpu, 1 threads per core) family 6 model 15 stepping 11, cmov, cx8, fxsr, mmx, sse, sse2, sse3, ssse3

Memory: 4k page, physical 2086884k(674604k free), swap 2272724k(525080k free)

vm_info: Java HotSpot(TM) 64-Bit Server VM (14.3-b01) for windows-amd64 JRE (1.6.0_17-b04), built on Oct 11 2009 00:46:08 by "java_re" with MS VC++ 8.0

time: Mon Feb 22 01:26:05 2016
elapsed time: 3313 seconds

