#
# A fatal error has been detected by the Java Runtime Environment:
#
# java.lang.OutOfMemoryError: requested 32744 bytes for ChunkPool::allocate. Out of swap space?
#
#  Internal Error (allocation.cpp:117), pid=4084, tid=1380
#  Error: ChunkPool::allocate
#
# JRE version: 6.0_17-b04
# Java VM: Java HotSpot(TM) 64-Bit Server VM (14.3-b01 mixed mode windows-amd64 )
# If you would like to submit a bug report, please visit:
#   http://java.sun.com/webapps/bugreport/crash.jsp
#

---------------  T H R E A D  ---------------

Current thread (0x000000000da1a000):  JavaThread "CompilerThread0" daemon [_thread_in_native, id=1380, stack(0x000000004c930000,0x0000000050930000)]

Stack: [0x000000004c930000,0x0000000050930000]

Current CompileTask:
C2:3259      ice.pilots.html4.CSSLookup.apply(Lice/pilots/html4/CSSAttribs;Lice/pilots/html4/CSSDecl;ILice/pilots/html4/CSSAttribs;)V (3059 bytes)


---------------  P R O C E S S  ---------------

Java Threads: ( => current thread )
  0x000000000f046000 JavaThread "Code Analyzer updating thread" [_thread_blocked, id=308, stack(0x000000005c300000,0x000000005c380000)]
  0x000000000f2e8000 JavaThread "Code Analyzer updating thread" [_thread_blocked, id=4048, stack(0x000000005c440000,0x000000005c4c0000)]
  0x000000006b5da800 JavaThread "pool-8-thread-1" [_thread_blocked, id=3672, stack(0x000000005c500000,0x000000005c580000)]
  0x000000000f2e9800 JavaThread "Code Analyzer updating thread" [_thread_blocked, id=3640, stack(0x000000005a2a0000,0x000000005a320000)]
  0x000000000f2ea000 JavaThread "Code Analyzer updating thread" [_thread_blocked, id=892, stack(0x0000000058e60000,0x0000000058ee0000)]
  0x000000000f2e6800 JavaThread "Code Analyzer updating thread" [_thread_blocked, id=2412, stack(0x0000000058b20000,0x0000000058ba0000)]
  0x000000000f2e4800 JavaThread "Code Analyzer updating thread" [_thread_blocked, id=2888, stack(0x000000005a200000,0x000000005a280000)]
  0x000000000f2e5800 JavaThread "Code Analyzer updating thread" [_thread_blocked, id=1160, stack(0x0000000058c10000,0x0000000058c90000)]
  0x000000000f2e5000 JavaThread "Code Analyzer updating thread" [_thread_blocked, id=3240, stack(0x0000000028fc0000,0x0000000029040000)]
  0x000000006b5d6000 JavaThread "Code Analyzer updating thread" [_thread_blocked, id=1308, stack(0x0000000025a60000,0x0000000025ae0000)]
  0x000000006b5dc000 JavaThread "Code Analyzer updating thread" [_thread_blocked, id=1908, stack(0x0000000029340000,0x00000000293c0000)]
  0x000000006b5db800 JavaThread "Code Analyzer updating thread" [_thread_blocked, id=660, stack(0x0000000029270000,0x00000000292f0000)]
  0x000000006b5d7000 JavaThread "AddressBar directory emptiness poller" [_thread_blocked, id=3856, stack(0x00000000258b0000,0x0000000025930000)]
  0x000000006b5d5000 JavaThread "Timer queue for AWT thread" daemon [_thread_blocked, id=560, stack(0x00000000256f0000,0x0000000025770000)]
  0x000000006b5d7800 JavaThread "Code Analyzer updating thread" [_thread_blocked, id=3312, stack(0x0000000028ee0000,0x0000000028f60000)]
  0x000000006b5d5800 JavaThread "Prefs Updater" daemon [_thread_blocked, id=2612, stack(0x00000000277d0000,0x0000000027850000)]
  0x000000006b5d8800 JavaThread "Foxtrot Multi Worker Thread Runner #1" daemon [_thread_blocked, id=3552, stack(0x0000000029050000,0x00000000290d0000)]
  0x000000000f03f000 JavaThread "Explorer NavigationContext request queue" [_thread_blocked, id=2264, stack(0x00000000259c0000,0x0000000025a40000)]
  0x0000000061877800 JavaThread "Code Analyzer updating thread" [_thread_blocked, id=3768, stack(0x000000006c440000,0x000000006c4c0000)]
  0x0000000061876800 JavaThread "Code Analyzer updating thread" [_thread_blocked, id=3584, stack(0x00000000210d0000,0x0000000021150000)]
  0x0000000061876000 JavaThread "Code Analyzer updating thread" [_thread_blocked, id=2172, stack(0x000000006af60000,0x000000006afe0000)]
  0x000000000f03c000 JavaThread "Code Analyzer updating thread" [_thread_blocked, id=320, stack(0x000000000fc50000,0x000000000fcd0000)]
  0x0000000061875800 JavaThread "Code Analyzer updating thread" [_thread_blocked, id=3256, stack(0x000000006c250000,0x000000006c2d0000)]
  0x0000000061874800 JavaThread "Code Analyzer updating thread" [_thread_blocked, id=2668, stack(0x000000006c0d0000,0x000000006c150000)]
  0x0000000061874000 JavaThread "Code Analyzer updating thread" [_thread_blocked, id=3076, stack(0x000000006c190000,0x000000006c210000)]
  0x0000000061873000 JavaThread "Code Analyzer updating thread" [_thread_blocked, id=3360, stack(0x000000006ade0000,0x000000006ae60000)]
  0x0000000061872800 JavaThread "Code Analyzer updating thread" [_thread_blocked, id=3372, stack(0x000000006c050000,0x000000006c0d0000)]
  0x0000000061871800 JavaThread "Code Analyzer updating thread" [_thread_blocked, id=2568, stack(0x000000006ae90000,0x000000006af10000)]
  0x0000000061871000 JavaThread "Code Analyzer updating thread" [_thread_blocked, id=3248, stack(0x000000006ac80000,0x000000006ad00000)]
  0x0000000061870000 JavaThread "Code Analyzer updating thread" [_thread_blocked, id=2340, stack(0x000000006b000000,0x000000006b080000)]
  0x000000000f048800 JavaThread "Code Analyzer updating thread" [_thread_blocked, id=3948, stack(0x000000006aad0000,0x000000006ab50000)]
  0x000000000f047800 JavaThread "Code Analyzer updating thread" [_thread_blocked, id=3820, stack(0x000000006ad20000,0x000000006ada0000)]
  0x000000000f047000 JavaThread "Code Analyzer updating thread" [_thread_blocked, id=3112, stack(0x000000006aba0000,0x000000006ac20000)]
  0x000000000f045800 JavaThread "Code Analyzer updating thread" [_thread_blocked, id=480, stack(0x000000006aa00000,0x000000006aa80000)]
  0x000000000f045000 JavaThread "Code Analyzer updating thread" [_thread_blocked, id=3480, stack(0x000000005cc00000,0x000000005cc80000)]
  0x000000000f044000 JavaThread "Code Analyzer updating thread" [_thread_blocked, id=3620, stack(0x0000000060cd0000,0x0000000060d50000)]
  0x000000000f043800 JavaThread "Code Analyzer updating thread" [_thread_blocked, id=3576, stack(0x000000006a960000,0x000000006a9e0000)]
  0x000000000f042800 JavaThread "Code Analyzer updating thread" [_thread_blocked, id=3448, stack(0x0000000066880000,0x0000000066900000)]
  0x000000000f042000 JavaThread "Code Analyzer updating thread" [_thread_blocked, id=1524, stack(0x0000000050940000,0x00000000509c0000)]
  0x000000000f041000 JavaThread "Active Reference Queue Daemon" daemon [_thread_blocked, id=2332, stack(0x0000000062740000,0x00000000627c0000)]
  0x000000000f040800 JavaThread "Timer-9" daemon [_thread_blocked, id=3340, stack(0x0000000060e00000,0x0000000060e80000)]
  0x000000000f03f800 JavaThread "Timer-8" daemon [_thread_blocked, id=3088, stack(0x0000000060d80000,0x0000000060e00000)]
  0x000000000f03d800 JavaThread "AddressBar directory emptiness poller" [_thread_blocked, id=1256, stack(0x000000005cb60000,0x000000005cbe0000)]
  0x000000000f03d000 JavaThread "Timer-1" [_thread_blocked, id=3004, stack(0x0000000025350000,0x00000000253d0000)]
  0x000000000f03b800 JavaThread "TimerQueue" daemon [_thread_blocked, id=2212, stack(0x000000000fad0000,0x000000000fb50000)]
  0x000000000f03a800 JavaThread "AWT-EventQueue-0" [_thread_blocked, id=4060, stack(0x0000000010f20000,0x0000000010fa0000)]
  0x000000000f03a000 JavaThread "AWT-Shutdown" [_thread_blocked, id=2676, stack(0x000000000f9b0000,0x000000000fa30000)]
  0x000000000f039000 JavaThread "FelixPackageAdmin" daemon [_thread_blocked, id=3524, stack(0x000000000fba0000,0x000000000fc20000)]
  0x000000000f036800 JavaThread "FelixStartLevel" daemon [_thread_blocked, id=2188, stack(0x0000000010ea0000,0x0000000010f20000)]
  0x000000000eed0800 JavaThread "FelixDispatchQueue" daemon [_thread_blocked, id=2096, stack(0x000000000fd40000,0x000000000fdc0000)]
  0x000000000eedd000 JavaThread "com.google.common.base.internal.Finalizer" daemon [_thread_blocked, id=3624, stack(0x000000000fed0000,0x000000000ff50000)]
  0x000000000eefa800 JavaThread "AWT-Windows" daemon [_thread_in_native, id=3800, stack(0x000000000f8e0000,0x000000000f960000)]
  0x000000000ef18000 JavaThread "Java2D Disposer" daemon [_thread_blocked, id=2772, stack(0x000000000dbc0000,0x000000000dc40000)]
  0x000000000ea92800 JavaThread "Timer-0" [_thread_blocked, id=964, stack(0x0000000007ee0000,0x0000000007f60000)]
  0x000000000e94c800 JavaThread "EventMgr Dispatcher" daemon [_thread_in_native, id=4020, stack(0x0000000010fb0000,0x0000000014fb0000)]
  0x000000000da23000 JavaThread "Low Memory Detector" daemon [_thread_blocked, id=4092, stack(0x0000000008090000,0x0000000008110000)]
  0x000000000da1f800 JavaThread "CompilerThread1" daemon [_thread_in_native, id=3440, stack(0x00000000509f0000,0x00000000549f0000)]
=>0x000000000da1a000 JavaThread "CompilerThread0" daemon [_thread_in_native, id=1380, stack(0x000000004c930000,0x0000000050930000)]
  0x000000000da15000 JavaThread "Attach Listener" daemon [_thread_blocked, id=3180, stack(0x0000000007ff0000,0x0000000008070000)]
  0x000000000d9bc800 JavaThread "Finalizer" daemon [_thread_blocked, id=4080, stack(0x000000000c9b0000,0x000000000ca30000)]
  0x000000000d9b4800 JavaThread "Reference Handler" daemon [_thread_blocked, id=3432, stack(0x000000000dc90000,0x000000000dd10000)]
  0x00000000054db800 JavaThread "main" [_thread_in_native, id=2492, stack(0x0000000000130000,0x0000000004130000)]

Other Threads:
  0x000000000d9b0800 VMThread [stack: 0x00000000488a0000,0x000000004c8a0000] [id=2460]
  0x000000000daa7800 WatcherThread [stack: 0x0000000054b00000,0x0000000058b00000] [id=2868]

VM state:not at safepoint (normal execution)

VM Mutex/Monitor currently owned by a thread: None

Heap
 PSYoungGen      total 24768K, used 13393K [0x000000003d710000, 0x0000000040420000, 0x0000000040810000)
  eden space 22080K, 48% used [0x000000003d710000,0x000000003e193258,0x000000003eca0000)
  from space 2688K, 97% used [0x000000003eca0000,0x000000003ef313d0,0x000000003ef40000)
  to   space 11904K, 0% used [0x000000003f880000,0x000000003f880000,0x0000000040420000)
 PSOldGen        total 150528K, used 145647K [0x0000000034410000, 0x000000003d710000, 0x000000003d710000)
  object space 150528K, 96% used [0x0000000034410000,0x000000003d24bcf8,0x000000003d710000)
 PSPermGen       total 131072K, used 84891K [0x000000002c410000, 0x0000000034410000, 0x0000000034410000)
  object space 131072K, 64% used [0x000000002c410000,0x00000000316f6cb0,0x0000000034410000)

Dynamic libraries:
0x000000013fd00000 - 0x000000013fd32000 	C:\Program Files\MATLAB\R2012a\bin\win64\MATLAB.exe
0x0000000077c00000 - 0x0000000077da9000 	C:\Windows\SYSTEM32\ntdll.dll
0x0000000077ae0000 - 0x0000000077bff000 	C:\Windows\system32\kernel32.dll
0x000007fefdd70000 - 0x000007fefdddb000 	C:\Windows\system32\KERNELBASE.dll
0x0000000074460000 - 0x0000000074554000 	C:\Program Files\MATLAB\R2012a\bin\win64\libut.dll
0x00000000758a0000 - 0x0000000075952000 	C:\Program Files\MATLAB\R2012a\bin\win64\libmwi18n.dll
0x0000000180000000 - 0x000000018000b000 	C:\Program Files\MATLAB\R2012a\bin\win64\libmwresource_core.dll
0x00000000742e0000 - 0x00000000743b3000 	C:\Windows\WinSxS\amd64_microsoft.vc90.crt_1fc8b3b9a1e18e3b_9.0.30729.4940_none_08e4299fa83d7e3c\MSVCP90.dll
0x00000000746b0000 - 0x000000007474d000 	C:\Windows\WinSxS\amd64_microsoft.vc90.crt_1fc8b3b9a1e18e3b_9.0.30729.4940_none_08e4299fa83d7e3c\MSVCR90.dll
0x000000007a170000 - 0x000000007a19c000 	C:\Program Files\MATLAB\R2012a\bin\win64\boost_filesystem-vc90-mt-1_44.dll
0x000000007a560000 - 0x000000007a569000 	C:\Program Files\MATLAB\R2012a\bin\win64\boost_system-vc90-mt-1_44.dll
0x000007fefe7a0000 - 0x000007fefe87b000 	C:\Windows\system32\ADVAPI32.dll
0x000007fefe880000 - 0x000007fefe91f000 	C:\Windows\system32\msvcrt.dll
0x000007fefeb30000 - 0x000007fefeb4f000 	C:\Windows\SYSTEM32\sechost.dll
0x000007fefe4b0000 - 0x000007fefe5dd000 	C:\Windows\system32\RPCRT4.dll
0x000000007a010000 - 0x000000007a035000 	C:\Program Files\MATLAB\R2012a\bin\win64\LIBEXPAT.dll
0x0000000071a40000 - 0x0000000071c31000 	C:\Program Files\MATLAB\R2012a\bin\win64\icuin44.dll
0x0000000071cc0000 - 0x0000000071e31000 	C:\Program Files\MATLAB\R2012a\bin\win64\icuuc44.dll
0x0000000010000000 - 0x0000000010e41000 	C:\Program Files\MATLAB\R2012a\bin\win64\icudt44.dll
0x0000000073f70000 - 0x00000000740ad000 	C:\Program Files\MATLAB\R2012a\bin\win64\libmwfl.dll
0x0000000004290000 - 0x0000000004586000 	C:\Program Files\MATLAB\R2012a\bin\win64\libmwMATLAB_res.dll
0x000000007a3b0000 - 0x000000007a3c0000 	C:\Program Files\MATLAB\R2012a\bin\win64\boost_date_time-vc90-mt-1_44.dll
0x000000007a250000 - 0x000000007a263000 	C:\Program Files\MATLAB\R2012a\bin\win64\boost_signals-vc90-mt-1_44.dll
0x000000007a2d0000 - 0x000000007a2e2000 	C:\Program Files\MATLAB\R2012a\bin\win64\boost_thread-vc90-mt-1_44.dll
0x0000000004590000 - 0x00000000045d6000 	C:\Program Files\MATLAB\R2012a\bin\win64\tbb.dll
0x000007fefe220000 - 0x000007fefe237000 	C:\Windows\system32\imagehlp.dll
0x0000000077dc0000 - 0x0000000077dc7000 	C:\Windows\system32\PSAPI.DLL
0x0000000074690000 - 0x00000000746a3000 	C:\Program Files\MATLAB\R2012a\bin\win64\icuio44.dll
0x000007fef8400000 - 0x000007fef8525000 	C:\Windows\system32\dbghelp.dll
0x00000000779e0000 - 0x0000000077ada000 	C:\Windows\system32\USER32.dll
0x000007feffe20000 - 0x000007feffe87000 	C:\Windows\system32\GDI32.dll
0x000007fefe240000 - 0x000007fefe24e000 	C:\Windows\system32\LPK.dll
0x000007fefecd0000 - 0x000007fefed99000 	C:\Windows\system32\USP10.dll
0x000000007bed0000 - 0x000000007c183000 	C:\Program Files\MATLAB\R2012a\bin\win64\libmwservices.dll
0x0000000075a20000 - 0x0000000075ae2000 	C:\Program Files\MATLAB\R2012a\bin\win64\libmx.dll
0x000000007a210000 - 0x000000007a228000 	C:\Program Files\MATLAB\R2012a\bin\win64\zlib1.dll
0x0000000004630000 - 0x0000000004651000 	C:\Program Files\MATLAB\R2012a\bin\win64\libmwmfl_scalar.dll
0x0000000075f10000 - 0x0000000075f5d000 	C:\Program Files\MATLAB\R2012a\bin\win64\mpath.dll
0x000000007b680000 - 0x000000007bbe1000 	C:\Program Files\MATLAB\R2012a\bin\win64\mlutil.dll
0x0000000074610000 - 0x000000007468f000 	C:\Program Files\MATLAB\R2012a\bin\win64\xmlcore.dll
0x000000007bc30000 - 0x000000007be83000 	C:\Program Files\MATLAB\R2012a\bin\win64\xerces-c_2_7.dll
0x000007fefeb50000 - 0x000007fefeb9d000 	C:\Windows\system32\WS2_32.dll
0x000007fefe6f0000 - 0x000007fefe6f8000 	C:\Windows\system32\NSI.dll
0x00000000046b0000 - 0x00000000046ca000 	C:\Program Files\MATLAB\R2012a\bin\win64\libmwMATLAB_settings_res.dll
0x00000000046e0000 - 0x0000000004727000 	C:\Program Files\MATLAB\R2012a\bin\win64\boost_serialization-vc90-mt-1_44.dll
0x000007fefef20000 - 0x000007feffca8000 	C:\Windows\system32\SHELL32.dll
0x000007fefdf20000 - 0x000007fefdf91000 	C:\Windows\system32\SHLWAPI.dll
0x000007fef85c0000 - 0x000007fef8660000 	C:\Windows\WinSxS\amd64_microsoft.windows.common-controls_6595b64144ccf1df_5.82.7601.17514_none_a4d6a923711520a9\COMCTL32.dll
0x000007fefe180000 - 0x000007fefe217000 	C:\Windows\system32\COMDLG32.dll
0x000007fefbc00000 - 0x000007fefbc16000 	C:\Windows\system32\NETAPI32.dll
0x000007fefbbf0000 - 0x000007fefbbfc000 	C:\Windows\system32\netutils.dll
0x000007fefd740000 - 0x000007fefd763000 	C:\Windows\system32\srvcli.dll
0x000007fefbbd0000 - 0x000007fefbbe5000 	C:\Windows\system32\wkscli.dll
0x000007fefe920000 - 0x000007fefeb23000 	C:\Windows\system32\ole32.dll
0x000007feffce0000 - 0x000007feffdb7000 	C:\Windows\system32\OLEAUT32.dll
0x0000000074970000 - 0x0000000074b06000 	C:\Program Files\MATLAB\R2012a\bin\win64\mcr.dll
0x0000000075000000 - 0x000000007536b000 	C:\Program Files\MATLAB\R2012a\bin\win64\iqm.dll
0x0000000071210000 - 0x0000000071a31000 	C:\Program Files\MATLAB\R2012a\bin\win64\m_interpreter.dll
0x00000000745e0000 - 0x0000000074605000 	C:\Program Files\MATLAB\R2012a\bin\win64\libmex.dll
0x0000000071150000 - 0x0000000071203000 	C:\Program Files\MATLAB\R2012a\bin\win64\m_dispatcher.dll
0x0000000074880000 - 0x000000007496d000 	C:\Program Files\MATLAB\R2012a\bin\win64\boost_regex-vc90-mt-1_44.dll
0x00000000710c0000 - 0x0000000071144000 	C:\Program Files\MATLAB\R2012a\bin\win64\profiler.dll
0x00000000047b0000 - 0x0000000004a05000 	C:\Program Files\MATLAB\R2012a\bin\win64\libmwmathutil.dll
0x0000000079f40000 - 0x0000000079f6d000 	C:\Program Files\MATLAB\R2012a\bin\win64\libmwmathrng.dll
0x0000000074c10000 - 0x0000000074ced000 	C:\Program Files\MATLAB\R2012a\bin\win64\libmwmathcore.dll
0x0000000076160000 - 0x00000000761cb000 	C:\Program Files\MATLAB\R2012a\bin\win64\libmwspmatrix.dll
0x0000000075ea0000 - 0x0000000075f02000 	C:\Program Files\MATLAB\R2012a\bin\win64\libmwcholmod.dll
0x000000007a460000 - 0x000000007a46d000 	C:\Program Files\MATLAB\R2012a\bin\win64\libmwamd.dll
0x000000007a4b0000 - 0x000000007a4bc000 	C:\Program Files\MATLAB\R2012a\bin\win64\libmwcolamd.dll
0x00000000745c0000 - 0x00000000745d9000 	C:\Program Files\MATLAB\R2012a\bin\win64\libmwblas.dll
0x0000000074430000 - 0x0000000074442000 	C:\Program Files\MATLAB\R2012a\bin\win64\libmwbinder.dll
0x00000000745b0000 - 0x00000000745bb000 	C:\Program Files\MATLAB\R2012a\bin\win64\libmwompwrapper.dll
0x0000000071030000 - 0x00000000710b6000 	C:\Program Files\MATLAB\R2012a\bin\win64\libmwlapack.dll
0x0000000074400000 - 0x0000000074421000 	C:\Program Files\MATLAB\R2012a\bin\win64\m_pcodeio.dll
0x0000000079b10000 - 0x0000000079b77000 	C:\Program Files\MATLAB\R2012a\bin\win64\m_ir.dll
0x00000000709e0000 - 0x0000000071030000 	C:\Program Files\MATLAB\R2012a\bin\win64\m_parser.dll
0x0000000073c80000 - 0x0000000073c9a000 	C:\Program Files\MATLAB\R2012a\bin\win64\ir_xfmr.dll
0x0000000070760000 - 0x00000000709d9000 	C:\Program Files\MATLAB\R2012a\bin\win64\mcos.dll
0x0000000004b10000 - 0x0000000004b1c000 	C:\Program Files\MATLAB\R2012a\bin\win64\mtok.dll
0x0000000071c80000 - 0x0000000071cb1000 	C:\Program Files\MATLAB\R2012a\bin\win64\m_pcodegen.dll
0x0000000079fb0000 - 0x0000000079fe7000 	C:\Program Files\MATLAB\R2012a\bin\win64\libmwbridge.dll
0x0000000070690000 - 0x0000000070758000 	C:\Program Files\MATLAB\R2012a\bin\win64\udd.dll
0x0000000070530000 - 0x0000000070682000 	C:\Program Files\MATLAB\R2012a\bin\win64\libmwgui.dll
0x0000000072d80000 - 0x0000000072d97000 	C:\Program Files\MATLAB\R2012a\bin\win64\graphics_util.dll
0x000000006fb80000 - 0x0000000070523000 	C:\Program Files\MATLAB\R2012a\bin\win64\hg.dll
0x0000000004b90000 - 0x0000000004bf7000 	C:\Program Files\MATLAB\R2012a\bin\win64\libmat.dll
0x0000000004c10000 - 0x0000000004e24000 	C:\Program Files\MATLAB\R2012a\bin\win64\hdf5dll.dll
0x0000000075710000 - 0x00000000757c1000 	C:\Program Files\MATLAB\R2012a\bin\win64\jmi.dll
0x0000000004e50000 - 0x0000000004e5e000 	C:\Program Files\MATLAB\R2012a\bin\win64\nativejava_services.dll
0x000000006fb30000 - 0x000000006fb72000 	C:\Program Files\MATLAB\R2012a\bin\win64\libmwhardcopy.dll
0x000000006fad0000 - 0x000000006fb2a000 	C:\Program Files\MATLAB\R2012a\bin\win64\libuij.dll
0x000000006f8c0000 - 0x000000006facc000 	C:\Program Files\MATLAB\R2012a\bin\win64\hgdatatypes.dll
0x000000006f7c0000 - 0x000000006f8bd000 	C:\Program Files\MATLAB\R2012a\bin\win64\hgutils.dll
0x000000006f700000 - 0x000000006f7bd000 	C:\Program Files\MATLAB\R2012a\bin\win64\udd_mi.dll
0x0000000004ec0000 - 0x0000000004efb000 	C:\Program Files\MATLAB\R2012a\bin\win64\libmwgbtutils.dll
0x0000000004f10000 - 0x0000000004f29000 	C:\Program Files\MATLAB\R2012a\bin\win64\libmwgbt.dll
0x0000000004f40000 - 0x000000000520a000 	C:\Program Files\MATLAB\R2012a\bin\win64\uiw.dll
0x00000000743f0000 - 0x00000000743ff000 	C:\Program Files\MATLAB\R2012a\bin\win64\uinone.dll
0x000007fef8bb0000 - 0x000007fef8bc8000 	C:\Windows\system32\MPR.dll
0x000000006f210000 - 0x000000006f6f4000 	C:\Windows\WinSxS\amd64_microsoft.vc90.mfc_1fc8b3b9a1e18e3b_9.0.30729.4148_none_04480933ab2137b1\mfc90.dll
0x000007feef880000 - 0x000007feef887000 	C:\Windows\system32\MSIMG32.dll
0x000007fef7950000 - 0x000007fef79c1000 	C:\Windows\system32\WINSPOOL.DRV
0x0000000071c60000 - 0x0000000071c80000 	C:\Program Files\MATLAB\R2012a\bin\win64\mwoles05.DLL
0x000000006f190000 - 0x000000006f20c000 	C:\Program Files\MATLAB\R2012a\bin\win64\comcli.dll
0x000000006f160000 - 0x000000006f18f000 	C:\Windows\WinSxS\amd64_microsoft.vc90.atl_1fc8b3b9a1e18e3b_9.0.30729.4148_none_0a1d2fcba76b3f00\ATL90.DLL
0x00000000742d0000 - 0x00000000742dc000 	C:\Program Files\MATLAB\R2012a\bin\win64\mlautoregister.dll
0x0000000005260000 - 0x0000000005270000 	C:\Program Files\MATLAB\R2012a\bin\win64\boost_iostreams-vc90-mt-1_44.dll
0x000007feffcb0000 - 0x000007feffcde000 	C:\Windows\system32\IMM32.DLL
0x000007fefe5e0000 - 0x000007fefe6e9000 	C:\Windows\system32\MSCTF.dll
0x000007fefc2e0000 - 0x000007fefc336000 	C:\Windows\system32\UxTheme.dll
0x000007fefbf00000 - 0x000007fefbf18000 	C:\Windows\system32\dwmapi.dll
0x0000000073c70000 - 0x0000000073c7d000 	C:\Windows\WinSxS\amd64_microsoft.vc90.mfcloc_1fc8b3b9a1e18e3b_9.0.30729.4148_none_01c6b44660ce74c3\MFC90ENU.DLL
0x00000000053d0000 - 0x00000000053f9000 	C:\Program Files\MATLAB\R2012a\bin\win64\tbbmalloc.dll
0x0000000078870000 - 0x0000000078ecd000 	C:\Program Files\MATLAB\R2012a\sys\java\jre\win64\jre\bin\server\jvm.dll
0x000007fefb7e0000 - 0x000007fefb81b000 	C:\Windows\system32\WINMM.dll
0x000007fefdb50000 - 0x000007fefdb5f000 	C:\Windows\system32\profapi.dll
0x000007fefaf30000 - 0x000007fefaf57000 	C:\Windows\system32\iphlpapi.dll
0x000007fefaf20000 - 0x000007fefaf2b000 	C:\Windows\system32\WINNSI.DLL
0x000007fefd200000 - 0x000007fefd25b000 	C:\Windows\system32\DNSAPI.dll
0x000007fefac30000 - 0x000007fefac48000 	C:\Windows\system32\dhcpcsvc.DLL
0x000007fefac10000 - 0x000007fefac21000 	C:\Windows\system32\dhcpcsvc6.DLL
0x0000000073aa0000 - 0x0000000073aa3000 	C:\Windows\system32\icmp.Dll
0x000007fefda40000 - 0x000007fefda4f000 	C:\Windows\system32\CRYPTBASE.dll
0x000007fefde40000 - 0x000007fefde76000 	C:\Windows\system32\CFGMGR32.dll
0x000000007a440000 - 0x000000007a44e000 	C:\Program Files\MATLAB\R2012a\sys\java\jre\win64\jre\bin\verify.dll
0x000000007a070000 - 0x000000007a097000 	C:\Program Files\MATLAB\R2012a\sys\java\jre\win64\jre\bin\java.dll
0x000000007a540000 - 0x000000007a54a000 	C:\Program Files\MATLAB\R2012a\sys\java\jre\win64\jre\bin\hpi.dll
0x000000007a370000 - 0x000000007a382000 	C:\Program Files\MATLAB\R2012a\sys\java\jre\win64\jre\bin\zip.dll

VM Arguments:
jvm_args: -Xss512k -XX:PermSize=32m -Xms64m -XX:NewRatio=3 -XX:MaxPermSize=128m -Xmx196m -XX:MaxDirectMemorySize=2147400000 -Dsun.java2d.noddraw=true -Dsun.awt.nopixfmt=true -Xshare:off -Xrs -Dsun.awt.disableMixing=true -Djava.library.path=C:\Program Files\MATLAB\R2012a\bin\win64 vfprintf abort 
java_command: <unknown>
Launcher Type: generic

Environment Variables:
PATH=C:\Program Files (x86)\PC Connectivity Solution\;C:\Windows\system32;C:\Windows;C:\Windows\System32\Wbem;C:\Windows\System32\WindowsPowerShell\v1.0\;C:\Program Files\MATLAB\R2012a\runtime\win64;C:\Program Files\MATLAB\R2012a\bin
USERNAME=joseph
OS=Windows_NT
PROCESSOR_IDENTIFIER=Intel64 Family 6 Model 15 Stepping 11, GenuineIntel



---------------  S Y S T E M  ---------------

OS: Windows 7 Build 7601 Service Pack 1

CPU:total 2 (2 cores per cpu, 1 threads per core) family 6 model 15 stepping 11, cmov, cx8, fxsr, mmx, sse, sse2, sse3, ssse3

Memory: 4k page, physical 2086884k(226328k free), swap 2200512k(4880k free)

vm_info: Java HotSpot(TM) 64-Bit Server VM (14.3-b01) for windows-amd64 JRE (1.6.0_17-b04), built on Oct 11 2009 00:46:08 by "java_re" with MS VC++ 8.0

time: Sun Feb 28 00:34:44 2016
elapsed time: 45043 seconds

